

Version:	3.50
CmdLine:	C:\Users\Kairav\OneDrive\Documents\NetBeansProjects\PAT\DoctorInformationTerminal.exe --l4j-debug
JNI:		No
WOW64:		Yes
Working dir:	C:\Users\Kairav\OneDrive\Documents\NetBeansProjects\PAT\.
Requires JDK:	No
Requires 64-Bit: No
Java min ver:	
Java max ver:	
Substitute:	JAVA_HOME = 
Substitute:	PATH = C:\Program Files\Common Files\Oracle\Java\javapath;C:\Program Files (x86)\Common Files\Oracle\Java\javapath;C:\windows\system32;C:\windows;C:\windows\System32\Wbem;C:\windows\System32\WindowsPowerShell\v1.0\;C:\windows\System32\OpenSSH\;C:\Program Files (x86)\NVIDIA Corporation\PhysX\Common;C:\Program Files\NVIDIA Corporation\NVIDIA NvDLISR;C:\WINDOWS\system32;C:\WINDOWS;C:\WINDOWS\System32\Wbem;C:\WINDOWS\System32\WindowsPowerShell\v1.0\;C:\WINDOWS\System32\OpenSSH\;C:\Program Files\MySQL\MySQL Shell 8.0\bin\;C:\Users\Kairav\AppData\Local\Microsoft\WindowsApps;C:\Users\Kairav\AppData\Local\GitHubDesktop\bin;C:\Program Files\Java\jre-1.8\bin
JRE paths:	;C:\Program Files\Common Files\Oracle\Java\javapath;C:\Program Files (x86)\Common Files\Oracle\Java\javapath;C:\windows\system32;C:\windows;C:\windows\System32\Wbem;C:\windows\System32\WindowsPowerShell\v1.0\;C:\windows\System32\OpenSSH\;C:\Program Files (x86)\NVIDIA Corporation\PhysX\Common;C:\Program Files\NVIDIA Corporation\NVIDIA NvDLISR;C:\WINDOWS\system32;C:\WINDOWS;C:\WINDOWS\System32\Wbem;C:\WINDOWS\System32\WindowsPowerShell\v1.0\;C:\WINDOWS\System32\OpenSSH\;C:\Program Files\MySQL\MySQL Shell 8.0\bin\;C:\Users\Kairav\AppData\Local\Microsoft\WindowsApps;C:\Users\Kairav\AppData\Local\GitHubDesktop\bin;C:\Program Files\Java\jre-1.8\bin
Check launcher:	C:\Program Files\Common Files\Oracle\Java\javapath\bin\javaw.exe (not found)
Check launcher:	C:\Program Files (x86)\Common Files\Oracle\Java\javapath\bin\javaw.exe (not found)
Check launcher:	C:\windows\system32\bin\javaw.exe (not found)
Check launcher:	C:\windows\bin\javaw.exe (not found)
Check launcher:	C:\windows\System32\Wbem\bin\javaw.exe (not found)
Check launcher:	C:\windows\System32\WindowsPowerShell\v1.0\bin\javaw.exe (not found)
Check launcher:	C:\windows\System32\OpenSSH\bin\javaw.exe (not found)
Check launcher:	C:\Program Files (x86)\NVIDIA Corporation\PhysX\Common\bin\javaw.exe (not found)
Check launcher:	C:\Program Files\NVIDIA Corporation\NVIDIA NvDLISR\bin\javaw.exe (not found)
Check launcher:	C:\WINDOWS\system32\bin\javaw.exe (not found)
Check launcher:	C:\WINDOWS\bin\javaw.exe (not found)
Check launcher:	C:\WINDOWS\System32\Wbem\bin\javaw.exe (not found)
Check launcher:	C:\WINDOWS\System32\WindowsPowerShell\v1.0\bin\javaw.exe (not found)
Check launcher:	C:\WINDOWS\System32\OpenSSH\bin\javaw.exe (not found)
Check launcher:	C:\Program Files\MySQL\MySQL Shell 8.0\bin\bin\javaw.exe (not found)
Check launcher:	C:\Users\Kairav\AppData\Local\Microsoft\WindowsApps\bin\javaw.exe (not found)
Check launcher:	C:\Users\Kairav\AppData\Local\GitHubDesktop\bin\javaw.exe (not found)
Check launcher:	C:\Program Files\Java\jre-1.8\bin\javaw.exe (OK)
Version string: 1.008.000_381 / 64-Bit (OK)
Launcher:	C:\Program Files\Java\jre-1.8\bin\javaw.exe
Launcher args:	-jar "C:\Users\Kairav\OneDrive\Documents\NetBeansProjects\PAT\DoctorInformationTerminal.exe"
Args length:	92/32768 chars
Exit code:	0


Version:	3.50
CmdLine:	C:\Users\Kairav\OneDrive\Documents\NetBeansProjects\PAT\DoctorInformationTerminal.exe --l4j-debug
JNI:		No
WOW64:		Yes
Working dir:	C:\Users\Kairav\OneDrive\Documents\NetBeansProjects\PAT\.
Requires JDK:	No
Requires 64-Bit: No
Java min ver:	
Java max ver:	
Substitute:	JAVA_HOME = 
Substitute:	PATH = C:\Program Files\Common Files\Oracle\Java\javapath;C:\Program Files (x86)\Common Files\Oracle\Java\javapath;C:\windows\system32;C:\windows;C:\windows\System32\Wbem;C:\windows\System32\WindowsPowerShell\v1.0\;C:\windows\System32\OpenSSH\;C:\Program Files (x86)\NVIDIA Corporation\PhysX\Common;C:\Program Files\NVIDIA Corporation\NVIDIA NvDLISR;C:\WINDOWS\system32;C:\WINDOWS;C:\WINDOWS\System32\Wbem;C:\WINDOWS\System32\WindowsPowerShell\v1.0\;C:\WINDOWS\System32\OpenSSH\;C:\Program Files\MySQL\MySQL Shell 8.0\bin\;C:\Users\Kairav\AppData\Local\Microsoft\WindowsApps;C:\Users\Kairav\AppData\Local\GitHubDesktop\bin;C:\Program Files\Java\jre-1.8\bin
JRE paths:	;C:\Program Files\Common Files\Oracle\Java\javapath;C:\Program Files (x86)\Common Files\Oracle\Java\javapath;C:\windows\system32;C:\windows;C:\windows\System32\Wbem;C:\windows\System32\WindowsPowerShell\v1.0\;C:\windows\System32\OpenSSH\;C:\Program Files (x86)\NVIDIA Corporation\PhysX\Common;C:\Program Files\NVIDIA Corporation\NVIDIA NvDLISR;C:\WINDOWS\system32;C:\WINDOWS;C:\WINDOWS\System32\Wbem;C:\WINDOWS\System32\WindowsPowerShell\v1.0\;C:\WINDOWS\System32\OpenSSH\;C:\Program Files\MySQL\MySQL Shell 8.0\bin\;C:\Users\Kairav\AppData\Local\Microsoft\WindowsApps;C:\Users\Kairav\AppData\Local\GitHubDesktop\bin;C:\Program Files\Java\jre-1.8\bin
Check launcher:	C:\Program Files\Common Files\Oracle\Java\javapath\bin\javaw.exe (not found)
Check launcher:	C:\Program Files (x86)\Common Files\Oracle\Java\javapath\bin\javaw.exe (not found)
Check launcher:	C:\windows\system32\bin\javaw.exe (not found)
Check launcher:	C:\windows\bin\javaw.exe (not found)
Check launcher:	C:\windows\System32\Wbem\bin\javaw.exe (not found)
Check launcher:	C:\windows\System32\WindowsPowerShell\v1.0\bin\javaw.exe (not found)
Check launcher:	C:\windows\System32\OpenSSH\bin\javaw.exe (not found)
Check launcher:	C:\Program Files (x86)\NVIDIA Corporation\PhysX\Common\bin\javaw.exe (not found)
Check launcher:	C:\Program Files\NVIDIA Corporation\NVIDIA NvDLISR\bin\javaw.exe (not found)
Check launcher:	C:\WINDOWS\system32\bin\javaw.exe (not found)
Check launcher:	C:\WINDOWS\bin\javaw.exe (not found)
Check launcher:	C:\WINDOWS\System32\Wbem\bin\javaw.exe (not found)
Check launcher:	C:\WINDOWS\System32\WindowsPowerShell\v1.0\bin\javaw.exe (not found)
Check launcher:	C:\WINDOWS\System32\OpenSSH\bin\javaw.exe (not found)
Check launcher:	C:\Program Files\MySQL\MySQL Shell 8.0\bin\bin\javaw.exe (not found)
Check launcher:	C:\Users\Kairav\AppData\Local\Microsoft\WindowsApps\bin\javaw.exe (not found)
Check launcher:	C:\Users\Kairav\AppData\Local\GitHubDesktop\bin\javaw.exe (not found)
Check launcher:	C:\Program Files\Java\jre-1.8\bin\javaw.exe (OK)
Version string: 1.008.000_381 / 64-Bit (OK)
Launcher:	C:\Program Files\Java\jre-1.8\bin\javaw.exe
Launcher args:	-jar "C:\Users\Kairav\OneDrive\Documents\NetBeansProjects\PAT\DoctorInformationTerminal.exe"
Args length:	92/32768 chars
Exit code:	0


Version:	3.50
CmdLine:	C:\Users\Kairav\OneDrive\Documents\NetBeansProjects\PAT\DoctorInformationTerminal.exe --l4j-debug
JNI:		No
WOW64:		Yes
Working dir:	C:\Users\Kairav\OneDrive\Documents\NetBeansProjects\PAT\.
Requires JDK:	No
Requires 64-Bit: No
Java min ver:	1.015.000
Java max ver:	1.018.000
Substitute:	JAVA_HOME = 
Substitute:	PATH = C:\Program Files\Common Files\Oracle\Java\javapath;C:\Program Files (x86)\Common Files\Oracle\Java\javapath;C:\windows\system32;C:\windows;C:\windows\System32\Wbem;C:\windows\System32\WindowsPowerShell\v1.0\;C:\windows\System32\OpenSSH\;C:\Program Files (x86)\NVIDIA Corporation\PhysX\Common;C:\Program Files\NVIDIA Corporation\NVIDIA NvDLISR;C:\WINDOWS\system32;C:\WINDOWS;C:\WINDOWS\System32\Wbem;C:\WINDOWS\System32\WindowsPowerShell\v1.0\;C:\WINDOWS\System32\OpenSSH\;C:\Program Files\MySQL\MySQL Shell 8.0\bin\;C:\Users\Kairav\AppData\Local\Microsoft\WindowsApps;C:\Users\Kairav\AppData\Local\GitHubDesktop\bin;C:\Program Files\Java\jre-1.8\bin
JRE paths:	;C:\Program Files\Common Files\Oracle\Java\javapath;C:\Program Files (x86)\Common Files\Oracle\Java\javapath;C:\windows\system32;C:\windows;C:\windows\System32\Wbem;C:\windows\System32\WindowsPowerShell\v1.0\;C:\windows\System32\OpenSSH\;C:\Program Files (x86)\NVIDIA Corporation\PhysX\Common;C:\Program Files\NVIDIA Corporation\NVIDIA NvDLISR;C:\WINDOWS\system32;C:\WINDOWS;C:\WINDOWS\System32\Wbem;C:\WINDOWS\System32\WindowsPowerShell\v1.0\;C:\WINDOWS\System32\OpenSSH\;C:\Program Files\MySQL\MySQL Shell 8.0\bin\;C:\Users\Kairav\AppData\Local\Microsoft\WindowsApps;C:\Users\Kairav\AppData\Local\GitHubDesktop\bin;C:\Program Files\Java\jre-1.8\bin
Check launcher:	C:\Program Files\Common Files\Oracle\Java\javapath\bin\javaw.exe (not found)
Check launcher:	C:\Program Files (x86)\Common Files\Oracle\Java\javapath\bin\javaw.exe (not found)
Check launcher:	C:\windows\system32\bin\javaw.exe (not found)
Check launcher:	C:\windows\bin\javaw.exe (not found)
Check launcher:	C:\windows\System32\Wbem\bin\javaw.exe (not found)
Check launcher:	C:\windows\System32\WindowsPowerShell\v1.0\bin\javaw.exe (not found)
Check launcher:	C:\windows\System32\OpenSSH\bin\javaw.exe (not found)
Check launcher:	C:\Program Files (x86)\NVIDIA Corporation\PhysX\Common\bin\javaw.exe (not found)
Check launcher:	C:\Program Files\NVIDIA Corporation\NVIDIA NvDLISR\bin\javaw.exe (not found)
Check launcher:	C:\WINDOWS\system32\bin\javaw.exe (not found)
Check launcher:	C:\WINDOWS\bin\javaw.exe (not found)
Check launcher:	C:\WINDOWS\System32\Wbem\bin\javaw.exe (not found)
Check launcher:	C:\WINDOWS\System32\WindowsPowerShell\v1.0\bin\javaw.exe (not found)
Check launcher:	C:\WINDOWS\System32\OpenSSH\bin\javaw.exe (not found)
Check launcher:	C:\Program Files\MySQL\MySQL Shell 8.0\bin\bin\javaw.exe (not found)
Check launcher:	C:\Users\Kairav\AppData\Local\Microsoft\WindowsApps\bin\javaw.exe (not found)
Check launcher:	C:\Users\Kairav\AppData\Local\GitHubDesktop\bin\javaw.exe (not found)
Check launcher:	C:\Program Files\Java\jre-1.8\bin\javaw.exe (OK)
Version string: 1.008.000_381 / 64-Bit (Ignore)
64-bit search:	SOFTWARE\JavaSoft\Java Runtime Environment...
Check:		SOFTWARE\JavaSoft\Java Runtime Environment\1.8
Version string: 1.008.000 / 64-Bit (Ignore)
Ignore:		1.008.000
Check:		SOFTWARE\JavaSoft\Java Runtime Environment\1.8.0_381
Version string: 1.008.000_381 / 64-Bit (Ignore)
Ignore:		1.008.000_381
32-bit search:	SOFTWARE\JavaSoft\Java Runtime Environment...
64-bit search:	SOFTWARE\JavaSoft\Java Development Kit...
32-bit search:	SOFTWARE\JavaSoft\Java Development Kit...
64-bit search:	SOFTWARE\JavaSoft\JRE...
32-bit search:	SOFTWARE\JavaSoft\JRE...
64-bit search:	SOFTWARE\JavaSoft\JDK...
Check:		SOFTWARE\JavaSoft\JDK\17.0.7
Version string: 1.017.000_007 / 64-Bit (OK)
Check launcher:	C:\Program Files\Java\jdk-17\bin\javaw.exe (OK)
Match:		1.017.000_007
Runtime used:	1.017.000_007 (64-bit)
Launcher:	C:\Program Files\Java\jdk-17\bin\javaw.exe
Launcher args:	-jar "C:\Users\Kairav\OneDrive\Documents\NetBeansProjects\PAT\DoctorInformationTerminal.exe"
Args length:	92/32768 chars
Exit code:	0


Version:	3.50
CmdLine:	C:\Users\Kairav\OneDrive\Documents\NetBeansProjects\PAT\DoctorInformationTerminal.exe --l4j-debug
JNI:		No
WOW64:		Yes
Working dir:	C:\Users\Kairav\OneDrive\Documents\NetBeansProjects\PAT\.
Requires JDK:	No
Requires 64-Bit: No
Java min ver:	1.015.000
Java max ver:	1.018.000
Substitute:	JAVA_HOME = 
Substitute:	PATH = C:\Program Files\Common Files\Oracle\Java\javapath;C:\Program Files (x86)\Common Files\Oracle\Java\javapath;C:\windows\system32;C:\windows;C:\windows\System32\Wbem;C:\windows\System32\WindowsPowerShell\v1.0\;C:\windows\System32\OpenSSH\;C:\Program Files (x86)\NVIDIA Corporation\PhysX\Common;C:\Program Files\NVIDIA Corporation\NVIDIA NvDLISR;C:\WINDOWS\system32;C:\WINDOWS;C:\WINDOWS\System32\Wbem;C:\WINDOWS\System32\WindowsPowerShell\v1.0\;C:\WINDOWS\System32\OpenSSH\;C:\Program Files\MySQL\MySQL Shell 8.0\bin\;C:\Users\Kairav\AppData\Local\Microsoft\WindowsApps;C:\Users\Kairav\AppData\Local\GitHubDesktop\bin;C:\Program Files\Java\jre-1.8\bin
JRE paths:	;C:\Program Files\Common Files\Oracle\Java\javapath;C:\Program Files (x86)\Common Files\Oracle\Java\javapath;C:\windows\system32;C:\windows;C:\windows\System32\Wbem;C:\windows\System32\WindowsPowerShell\v1.0\;C:\windows\System32\OpenSSH\;C:\Program Files (x86)\NVIDIA Corporation\PhysX\Common;C:\Program Files\NVIDIA Corporation\NVIDIA NvDLISR;C:\WINDOWS\system32;C:\WINDOWS;C:\WINDOWS\System32\Wbem;C:\WINDOWS\System32\WindowsPowerShell\v1.0\;C:\WINDOWS\System32\OpenSSH\;C:\Program Files\MySQL\MySQL Shell 8.0\bin\;C:\Users\Kairav\AppData\Local\Microsoft\WindowsApps;C:\Users\Kairav\AppData\Local\GitHubDesktop\bin;C:\Program Files\Java\jre-1.8\bin
Check launcher:	C:\Program Files\Common Files\Oracle\Java\javapath\bin\javaw.exe (not found)
Check launcher:	C:\Program Files (x86)\Common Files\Oracle\Java\javapath\bin\javaw.exe (not found)
Check launcher:	C:\windows\system32\bin\javaw.exe (not found)
Check launcher:	C:\windows\bin\javaw.exe (not found)
Check launcher:	C:\windows\System32\Wbem\bin\javaw.exe (not found)
Check launcher:	C:\windows\System32\WindowsPowerShell\v1.0\bin\javaw.exe (not found)
Check launcher:	C:\windows\System32\OpenSSH\bin\javaw.exe (not found)
Check launcher:	C:\Program Files (x86)\NVIDIA Corporation\PhysX\Common\bin\javaw.exe (not found)
Check launcher:	C:\Program Files\NVIDIA Corporation\NVIDIA NvDLISR\bin\javaw.exe (not found)
Check launcher:	C:\WINDOWS\system32\bin\javaw.exe (not found)
Check launcher:	C:\WINDOWS\bin\javaw.exe (not found)
Check launcher:	C:\WINDOWS\System32\Wbem\bin\javaw.exe (not found)
Check launcher:	C:\WINDOWS\System32\WindowsPowerShell\v1.0\bin\javaw.exe (not found)
Check launcher:	C:\WINDOWS\System32\OpenSSH\bin\javaw.exe (not found)
Check launcher:	C:\Program Files\MySQL\MySQL Shell 8.0\bin\bin\javaw.exe (not found)
Check launcher:	C:\Users\Kairav\AppData\Local\Microsoft\WindowsApps\bin\javaw.exe (not found)
Check launcher:	C:\Users\Kairav\AppData\Local\GitHubDesktop\bin\javaw.exe (not found)
Check launcher:	C:\Program Files\Java\jre-1.8\bin\javaw.exe (OK)
Version string: 1.008.000_381 / 64-Bit (Ignore)
64-bit search:	SOFTWARE\JavaSoft\Java Runtime Environment...
Check:		SOFTWARE\JavaSoft\Java Runtime Environment\1.8
Version string: 1.008.000 / 64-Bit (Ignore)
Ignore:		1.008.000
Check:		SOFTWARE\JavaSoft\Java Runtime Environment\1.8.0_381
Version string: 1.008.000_381 / 64-Bit (Ignore)
Ignore:		1.008.000_381
32-bit search:	SOFTWARE\JavaSoft\Java Runtime Environment...
64-bit search:	SOFTWARE\JavaSoft\Java Development Kit...
32-bit search:	SOFTWARE\JavaSoft\Java Development Kit...
64-bit search:	SOFTWARE\JavaSoft\JRE...
32-bit search:	SOFTWARE\JavaSoft\JRE...
64-bit search:	SOFTWARE\JavaSoft\JDK...
Check:		SOFTWARE\JavaSoft\JDK\17.0.7
Version string: 1.017.000_007 / 64-Bit (OK)
Check launcher:	C:\Program Files\Java\jdk-17\bin\javaw.exe (OK)
Match:		1.017.000_007
Runtime used:	1.017.000_007 (64-bit)
Launcher:	C:\Program Files\Java\jdk-17\bin\javaw.exe
Launcher args:	-jar "C:\Users\Kairav\OneDrive\Documents\NetBeansProjects\PAT\DoctorInformationTerminal.exe"
Args length:	92/32768 chars
Exit code:	0


Version:	3.50
CmdLine:	C:\Users\Kairav\OneDrive\Documents\NetBeansProjects\PAT\DoctorInformationTerminal.exe --l4j-debug
JNI:		No
WOW64:		Yes
Working dir:	C:\Users\Kairav\OneDrive\Documents\NetBeansProjects\PAT\.
Requires JDK:	No
Requires 64-Bit: No
Java min ver:	1.015.000
Java max ver:	1.018.000
Substitute:	JAVA_HOME = 
Substitute:	PATH = C:\Program Files\Common Files\Oracle\Java\javapath;C:\Program Files (x86)\Common Files\Oracle\Java\javapath;C:\windows\system32;C:\windows;C:\windows\System32\Wbem;C:\windows\System32\WindowsPowerShell\v1.0\;C:\windows\System32\OpenSSH\;C:\Program Files (x86)\NVIDIA Corporation\PhysX\Common;C:\Program Files\NVIDIA Corporation\NVIDIA NvDLISR;C:\WINDOWS\system32;C:\WINDOWS;C:\WINDOWS\System32\Wbem;C:\WINDOWS\System32\WindowsPowerShell\v1.0\;C:\WINDOWS\System32\OpenSSH\;C:\Program Files\MySQL\MySQL Shell 8.0\bin\;C:\Users\Kairav\AppData\Local\Microsoft\WindowsApps;C:\Users\Kairav\AppData\Local\GitHubDesktop\bin;C:\Program Files\Java\jre-1.8\bin
JRE paths:	;C:\Program Files\Common Files\Oracle\Java\javapath;C:\Program Files (x86)\Common Files\Oracle\Java\javapath;C:\windows\system32;C:\windows;C:\windows\System32\Wbem;C:\windows\System32\WindowsPowerShell\v1.0\;C:\windows\System32\OpenSSH\;C:\Program Files (x86)\NVIDIA Corporation\PhysX\Common;C:\Program Files\NVIDIA Corporation\NVIDIA NvDLISR;C:\WINDOWS\system32;C:\WINDOWS;C:\WINDOWS\System32\Wbem;C:\WINDOWS\System32\WindowsPowerShell\v1.0\;C:\WINDOWS\System32\OpenSSH\;C:\Program Files\MySQL\MySQL Shell 8.0\bin\;C:\Users\Kairav\AppData\Local\Microsoft\WindowsApps;C:\Users\Kairav\AppData\Local\GitHubDesktop\bin;C:\Program Files\Java\jre-1.8\bin
Check launcher:	C:\Program Files\Common Files\Oracle\Java\javapath\bin\javaw.exe (not found)
Check launcher:	C:\Program Files (x86)\Common Files\Oracle\Java\javapath\bin\javaw.exe (not found)
Check launcher:	C:\windows\system32\bin\javaw.exe (not found)
Check launcher:	C:\windows\bin\javaw.exe (not found)
Check launcher:	C:\windows\System32\Wbem\bin\javaw.exe (not found)
Check launcher:	C:\windows\System32\WindowsPowerShell\v1.0\bin\javaw.exe (not found)
Check launcher:	C:\windows\System32\OpenSSH\bin\javaw.exe (not found)
Check launcher:	C:\Program Files (x86)\NVIDIA Corporation\PhysX\Common\bin\javaw.exe (not found)
Check launcher:	C:\Program Files\NVIDIA Corporation\NVIDIA NvDLISR\bin\javaw.exe (not found)
Check launcher:	C:\WINDOWS\system32\bin\javaw.exe (not found)
Check launcher:	C:\WINDOWS\bin\javaw.exe (not found)
Check launcher:	C:\WINDOWS\System32\Wbem\bin\javaw.exe (not found)
Check launcher:	C:\WINDOWS\System32\WindowsPowerShell\v1.0\bin\javaw.exe (not found)
Check launcher:	C:\WINDOWS\System32\OpenSSH\bin\javaw.exe (not found)
Check launcher:	C:\Program Files\MySQL\MySQL Shell 8.0\bin\bin\javaw.exe (not found)
Check launcher:	C:\Users\Kairav\AppData\Local\Microsoft\WindowsApps\bin\javaw.exe (not found)
Check launcher:	C:\Users\Kairav\AppData\Local\GitHubDesktop\bin\javaw.exe (not found)
Check launcher:	C:\Program Files\Java\jre-1.8\bin\javaw.exe (OK)
Version string: 1.008.000_381 / 64-Bit (Ignore)
64-bit search:	SOFTWARE\JavaSoft\Java Runtime Environment...
Check:		SOFTWARE\JavaSoft\Java Runtime Environment\1.8
Version string: 1.008.000 / 64-Bit (Ignore)
Ignore:		1.008.000
Check:		SOFTWARE\JavaSoft\Java Runtime Environment\1.8.0_381
Version string: 1.008.000_381 / 64-Bit (Ignore)
Ignore:		1.008.000_381
32-bit search:	SOFTWARE\JavaSoft\Java Runtime Environment...
64-bit search:	SOFTWARE\JavaSoft\Java Development Kit...
32-bit search:	SOFTWARE\JavaSoft\Java Development Kit...
64-bit search:	SOFTWARE\JavaSoft\JRE...
32-bit search:	SOFTWARE\JavaSoft\JRE...
64-bit search:	SOFTWARE\JavaSoft\JDK...
Check:		SOFTWARE\JavaSoft\JDK\17.0.7
Version string: 1.017.000_007 / 64-Bit (OK)
Check launcher:	C:\Program Files\Java\jdk-17\bin\javaw.exe (OK)
Match:		1.017.000_007
Runtime used:	1.017.000_007 (64-bit)
Launcher:	C:\Program Files\Java\jdk-17\bin\javaw.exe
Launcher args:	-jar "C:\Users\Kairav\OneDrive\Documents\NetBeansProjects\PAT\DoctorInformationTerminal.exe"
Args length:	92/32768 chars
Exit code:	0


Version:	3.50
CmdLine:	C:\Users\Kairav\OneDrive\Documents\NetBeansProjects\PAT\DoctorInformationTerminal.exe --l4j-debug
JNI:		No
WOW64:		Yes
Working dir:	C:\Users\Kairav\OneDrive\Documents\NetBeansProjects\PAT\.
Requires JDK:	No
Requires 64-Bit: No
Java min ver:	1.015.000
Java max ver:	1.018.000
Substitute:	JAVA_HOME = 
Substitute:	PATH = C:\Program Files\Common Files\Oracle\Java\javapath;C:\Program Files (x86)\Common Files\Oracle\Java\javapath;C:\windows\system32;C:\windows;C:\windows\System32\Wbem;C:\windows\System32\WindowsPowerShell\v1.0\;C:\windows\System32\OpenSSH\;C:\Program Files (x86)\NVIDIA Corporation\PhysX\Common;C:\Program Files\NVIDIA Corporation\NVIDIA NvDLISR;C:\WINDOWS\system32;C:\WINDOWS;C:\WINDOWS\System32\Wbem;C:\WINDOWS\System32\WindowsPowerShell\v1.0\;C:\WINDOWS\System32\OpenSSH\;C:\Program Files\MySQL\MySQL Shell 8.0\bin\;C:\Users\Kairav\AppData\Local\Microsoft\WindowsApps;C:\Users\Kairav\AppData\Local\GitHubDesktop\bin;C:\Program Files\Java\jre-1.8\bin
JRE paths:	;C:\Program Files\Common Files\Oracle\Java\javapath;C:\Program Files (x86)\Common Files\Oracle\Java\javapath;C:\windows\system32;C:\windows;C:\windows\System32\Wbem;C:\windows\System32\WindowsPowerShell\v1.0\;C:\windows\System32\OpenSSH\;C:\Program Files (x86)\NVIDIA Corporation\PhysX\Common;C:\Program Files\NVIDIA Corporation\NVIDIA NvDLISR;C:\WINDOWS\system32;C:\WINDOWS;C:\WINDOWS\System32\Wbem;C:\WINDOWS\System32\WindowsPowerShell\v1.0\;C:\WINDOWS\System32\OpenSSH\;C:\Program Files\MySQL\MySQL Shell 8.0\bin\;C:\Users\Kairav\AppData\Local\Microsoft\WindowsApps;C:\Users\Kairav\AppData\Local\GitHubDesktop\bin;C:\Program Files\Java\jre-1.8\bin
Check launcher:	C:\Program Files\Common Files\Oracle\Java\javapath\bin\javaw.exe (not found)
Check launcher:	C:\Program Files (x86)\Common Files\Oracle\Java\javapath\bin\javaw.exe (not found)
Check launcher:	C:\windows\system32\bin\javaw.exe (not found)
Check launcher:	C:\windows\bin\javaw.exe (not found)
Check launcher:	C:\windows\System32\Wbem\bin\javaw.exe (not found)
Check launcher:	C:\windows\System32\WindowsPowerShell\v1.0\bin\javaw.exe (not found)
Check launcher:	C:\windows\System32\OpenSSH\bin\javaw.exe (not found)
Check launcher:	C:\Program Files (x86)\NVIDIA Corporation\PhysX\Common\bin\javaw.exe (not found)
Check launcher:	C:\Program Files\NVIDIA Corporation\NVIDIA NvDLISR\bin\javaw.exe (not found)
Check launcher:	C:\WINDOWS\system32\bin\javaw.exe (not found)
Check launcher:	C:\WINDOWS\bin\javaw.exe (not found)
Check launcher:	C:\WINDOWS\System32\Wbem\bin\javaw.exe (not found)
Check launcher:	C:\WINDOWS\System32\WindowsPowerShell\v1.0\bin\javaw.exe (not found)
Check launcher:	C:\WINDOWS\System32\OpenSSH\bin\javaw.exe (not found)
Check launcher:	C:\Program Files\MySQL\MySQL Shell 8.0\bin\bin\javaw.exe (not found)
Check launcher:	C:\Users\Kairav\AppData\Local\Microsoft\WindowsApps\bin\javaw.exe (not found)
Check launcher:	C:\Users\Kairav\AppData\Local\GitHubDesktop\bin\javaw.exe (not found)
Check launcher:	C:\Program Files\Java\jre-1.8\bin\javaw.exe (OK)
Version string: 1.008.000_381 / 64-Bit (Ignore)
64-bit search:	SOFTWARE\JavaSoft\Java Runtime Environment...
Check:		SOFTWARE\JavaSoft\Java Runtime Environment\1.8
Version string: 1.008.000 / 64-Bit (Ignore)
Ignore:		1.008.000
Check:		SOFTWARE\JavaSoft\Java Runtime Environment\1.8.0_381
Version string: 1.008.000_381 / 64-Bit (Ignore)
Ignore:		1.008.000_381
32-bit search:	SOFTWARE\JavaSoft\Java Runtime Environment...
64-bit search:	SOFTWARE\JavaSoft\Java Development Kit...
32-bit search:	SOFTWARE\JavaSoft\Java Development Kit...
64-bit search:	SOFTWARE\JavaSoft\JRE...
32-bit search:	SOFTWARE\JavaSoft\JRE...
64-bit search:	SOFTWARE\JavaSoft\JDK...
Check:		SOFTWARE\JavaSoft\JDK\17.0.7
Version string: 1.017.000_007 / 64-Bit (OK)
Check launcher:	C:\Program Files\Java\jdk-17\bin\javaw.exe (OK)
Match:		1.017.000_007
Runtime used:	1.017.000_007 (64-bit)
Launcher:	C:\Program Files\Java\jdk-17\bin\javaw.exe
Launcher args:	-jar "C:\Users\Kairav\OneDrive\Documents\NetBeansProjects\PAT\DoctorInformationTerminal.exe"
Args length:	92/32768 chars
Exit code:	0


Version:	3.50
CmdLine:	C:\Users\Kairav\OneDrive\Documents\NetBeansProjects\PAT\PAT.exe --l4j-debug
JNI:		No
WOW64:		Yes
Working dir:	C:\Users\Kairav\OneDrive\Documents\NetBeansProjects\PAT\.
Requires JDK:	No
Requires 64-Bit: No
Java min ver:	1.015.000
Java max ver:	1.018.000
Substitute:	JAVA_HOME = 
Substitute:	PATH = C:\Program Files\Common Files\Oracle\Java\javapath;C:\Program Files (x86)\Common Files\Oracle\Java\javapath;C:\windows\system32;C:\windows;C:\windows\System32\Wbem;C:\windows\System32\WindowsPowerShell\v1.0\;C:\windows\System32\OpenSSH\;C:\Program Files (x86)\NVIDIA Corporation\PhysX\Common;C:\Program Files\NVIDIA Corporation\NVIDIA NvDLISR;C:\WINDOWS\system32;C:\WINDOWS;C:\WINDOWS\System32\Wbem;C:\WINDOWS\System32\WindowsPowerShell\v1.0\;C:\WINDOWS\System32\OpenSSH\;C:\Program Files\MySQL\MySQL Shell 8.0\bin\;C:\Users\Kairav\AppData\Local\Microsoft\WindowsApps;C:\Users\Kairav\AppData\Local\GitHubDesktop\bin;C:\Program Files\Java\jre-1.8\bin
JRE paths:	;C:\Program Files\Common Files\Oracle\Java\javapath;C:\Program Files (x86)\Common Files\Oracle\Java\javapath;C:\windows\system32;C:\windows;C:\windows\System32\Wbem;C:\windows\System32\WindowsPowerShell\v1.0\;C:\windows\System32\OpenSSH\;C:\Program Files (x86)\NVIDIA Corporation\PhysX\Common;C:\Program Files\NVIDIA Corporation\NVIDIA NvDLISR;C:\WINDOWS\system32;C:\WINDOWS;C:\WINDOWS\System32\Wbem;C:\WINDOWS\System32\WindowsPowerShell\v1.0\;C:\WINDOWS\System32\OpenSSH\;C:\Program Files\MySQL\MySQL Shell 8.0\bin\;C:\Users\Kairav\AppData\Local\Microsoft\WindowsApps;C:\Users\Kairav\AppData\Local\GitHubDesktop\bin;C:\Program Files\Java\jre-1.8\bin
Check launcher:	C:\Program Files\Common Files\Oracle\Java\javapath\bin\javaw.exe (not found)
Check launcher:	C:\Program Files (x86)\Common Files\Oracle\Java\javapath\bin\javaw.exe (not found)
Check launcher:	C:\windows\system32\bin\javaw.exe (not found)
Check launcher:	C:\windows\bin\javaw.exe (not found)
Check launcher:	C:\windows\System32\Wbem\bin\javaw.exe (not found)
Check launcher:	C:\windows\System32\WindowsPowerShell\v1.0\bin\javaw.exe (not found)
Check launcher:	C:\windows\System32\OpenSSH\bin\javaw.exe (not found)
Check launcher:	C:\Program Files (x86)\NVIDIA Corporation\PhysX\Common\bin\javaw.exe (not found)
Check launcher:	C:\Program Files\NVIDIA Corporation\NVIDIA NvDLISR\bin\javaw.exe (not found)
Check launcher:	C:\WINDOWS\system32\bin\javaw.exe (not found)
Check launcher:	C:\WINDOWS\bin\javaw.exe (not found)
Check launcher:	C:\WINDOWS\System32\Wbem\bin\javaw.exe (not found)
Check launcher:	C:\WINDOWS\System32\WindowsPowerShell\v1.0\bin\javaw.exe (not found)
Check launcher:	C:\WINDOWS\System32\OpenSSH\bin\javaw.exe (not found)
Check launcher:	C:\Program Files\MySQL\MySQL Shell 8.0\bin\bin\javaw.exe (not found)
Check launcher:	C:\Users\Kairav\AppData\Local\Microsoft\WindowsApps\bin\javaw.exe (not found)
Check launcher:	C:\Users\Kairav\AppData\Local\GitHubDesktop\bin\javaw.exe (not found)
Check launcher:	C:\Program Files\Java\jre-1.8\bin\javaw.exe (OK)
Version string: 1.008.000_381 / 64-Bit (Ignore)
64-bit search:	SOFTWARE\JavaSoft\Java Runtime Environment...
Check:		SOFTWARE\JavaSoft\Java Runtime Environment\1.8
Version string: 1.008.000 / 64-Bit (Ignore)
Ignore:		1.008.000
Check:		SOFTWARE\JavaSoft\Java Runtime Environment\1.8.0_381
Version string: 1.008.000_381 / 64-Bit (Ignore)
Ignore:		1.008.000_381
32-bit search:	SOFTWARE\JavaSoft\Java Runtime Environment...
64-bit search:	SOFTWARE\JavaSoft\Java Development Kit...
32-bit search:	SOFTWARE\JavaSoft\Java Development Kit...
64-bit search:	SOFTWARE\JavaSoft\JRE...
32-bit search:	SOFTWARE\JavaSoft\JRE...
64-bit search:	SOFTWARE\JavaSoft\JDK...
Check:		SOFTWARE\JavaSoft\JDK\17.0.7
Version string: 1.017.000_007 / 64-Bit (OK)
Check launcher:	C:\Program Files\Java\jdk-17\bin\javaw.exe (OK)
Match:		1.017.000_007
Runtime used:	1.017.000_007 (64-bit)
Launcher:	C:\Program Files\Java\jdk-17\bin\javaw.exe
Launcher args:	-jar "C:\Users\Kairav\OneDrive\Documents\NetBeansProjects\PAT\PAT.exe"
Args length:	70/32768 chars
Exit code:	0


Version:	3.50
CmdLine:	C:\Users\Kairav\OneDrive\Documents\NetBeansProjects\PAT\Pat.exe --l4j-debug
JNI:		No
WOW64:		Yes
Working dir:	C:\Users\Kairav\OneDrive\Documents\NetBeansProjects\PAT\.
Requires JDK:	No
Requires 64-Bit: No
Java min ver:	1.015.000
Java max ver:	1.018.000
Substitute:	JAVA_HOME = 
Substitute:	PATH = C:\Program Files\Common Files\Oracle\Java\javapath;C:\Program Files (x86)\Common Files\Oracle\Java\javapath;C:\windows\system32;C:\windows;C:\windows\System32\Wbem;C:\windows\System32\WindowsPowerShell\v1.0\;C:\windows\System32\OpenSSH\;C:\Program Files (x86)\NVIDIA Corporation\PhysX\Common;C:\Program Files\NVIDIA Corporation\NVIDIA NvDLISR;C:\WINDOWS\system32;C:\WINDOWS;C:\WINDOWS\System32\Wbem;C:\WINDOWS\System32\WindowsPowerShell\v1.0\;C:\WINDOWS\System32\OpenSSH\;C:\Program Files\MySQL\MySQL Shell 8.0\bin\;C:\Users\Kairav\AppData\Local\Microsoft\WindowsApps;C:\Users\Kairav\AppData\Local\GitHubDesktop\bin;C:\Program Files\Java\jre-1.8\bin
JRE paths:	;C:\Program Files\Common Files\Oracle\Java\javapath;C:\Program Files (x86)\Common Files\Oracle\Java\javapath;C:\windows\system32;C:\windows;C:\windows\System32\Wbem;C:\windows\System32\WindowsPowerShell\v1.0\;C:\windows\System32\OpenSSH\;C:\Program Files (x86)\NVIDIA Corporation\PhysX\Common;C:\Program Files\NVIDIA Corporation\NVIDIA NvDLISR;C:\WINDOWS\system32;C:\WINDOWS;C:\WINDOWS\System32\Wbem;C:\WINDOWS\System32\WindowsPowerShell\v1.0\;C:\WINDOWS\System32\OpenSSH\;C:\Program Files\MySQL\MySQL Shell 8.0\bin\;C:\Users\Kairav\AppData\Local\Microsoft\WindowsApps;C:\Users\Kairav\AppData\Local\GitHubDesktop\bin;C:\Program Files\Java\jre-1.8\bin
Check launcher:	C:\Program Files\Common Files\Oracle\Java\javapath\bin\javaw.exe (not found)
Check launcher:	C:\Program Files (x86)\Common Files\Oracle\Java\javapath\bin\javaw.exe (not found)
Check launcher:	C:\windows\system32\bin\javaw.exe (not found)
Check launcher:	C:\windows\bin\javaw.exe (not found)
Check launcher:	C:\windows\System32\Wbem\bin\javaw.exe (not found)
Check launcher:	C:\windows\System32\WindowsPowerShell\v1.0\bin\javaw.exe (not found)
Check launcher:	C:\windows\System32\OpenSSH\bin\javaw.exe (not found)
Check launcher:	C:\Program Files (x86)\NVIDIA Corporation\PhysX\Common\bin\javaw.exe (not found)
Check launcher:	C:\Program Files\NVIDIA Corporation\NVIDIA NvDLISR\bin\javaw.exe (not found)
Check launcher:	C:\WINDOWS\system32\bin\javaw.exe (not found)
Check launcher:	C:\WINDOWS\bin\javaw.exe (not found)
Check launcher:	C:\WINDOWS\System32\Wbem\bin\javaw.exe (not found)
Check launcher:	C:\WINDOWS\System32\WindowsPowerShell\v1.0\bin\javaw.exe (not found)
Check launcher:	C:\WINDOWS\System32\OpenSSH\bin\javaw.exe (not found)
Check launcher:	C:\Program Files\MySQL\MySQL Shell 8.0\bin\bin\javaw.exe (not found)
Check launcher:	C:\Users\Kairav\AppData\Local\Microsoft\WindowsApps\bin\javaw.exe (not found)
Check launcher:	C:\Users\Kairav\AppData\Local\GitHubDesktop\bin\javaw.exe (not found)
Check launcher:	C:\Program Files\Java\jre-1.8\bin\javaw.exe (OK)
Version string: 1.008.000_381 / 64-Bit (Ignore)
64-bit search:	SOFTWARE\JavaSoft\Java Runtime Environment...
Check:		SOFTWARE\JavaSoft\Java Runtime Environment\1.8
Version string: 1.008.000 / 64-Bit (Ignore)
Ignore:		1.008.000
Check:		SOFTWARE\JavaSoft\Java Runtime Environment\1.8.0_381
Version string: 1.008.000_381 / 64-Bit (Ignore)
Ignore:		1.008.000_381
32-bit search:	SOFTWARE\JavaSoft\Java Runtime Environment...
64-bit search:	SOFTWARE\JavaSoft\Java Development Kit...
32-bit search:	SOFTWARE\JavaSoft\Java Development Kit...
64-bit search:	SOFTWARE\JavaSoft\JRE...
32-bit search:	SOFTWARE\JavaSoft\JRE...
64-bit search:	SOFTWARE\JavaSoft\JDK...
Check:		SOFTWARE\JavaSoft\JDK\17.0.7
Version string: 1.017.000_007 / 64-Bit (OK)
Check launcher:	C:\Program Files\Java\jdk-17\bin\javaw.exe (OK)
Match:		1.017.000_007
Runtime used:	1.017.000_007 (64-bit)
Launcher:	C:\Program Files\Java\jdk-17\bin\javaw.exe
Launcher args:	-jar "C:\Users\Kairav\OneDrive\Documents\NetBeansProjects\PAT\Pat.exe"
Args length:	70/32768 chars
Exit code:	0


Version:	3.50
CmdLine:	C:\Users\Kairav\OneDrive\Documents\NetBeansProjects\PAT\Pat.exe --l4j-debug
JNI:		No
WOW64:		Yes
Working dir:	C:\Users\Kairav\OneDrive\Documents\NetBeansProjects\PAT\.
Requires JDK:	No
Requires 64-Bit: No
Java min ver:	1.015.000
Java max ver:	1.018.000
Substitute:	JAVA_HOME = 
Substitute:	PATH = C:\Program Files\Common Files\Oracle\Java\javapath;C:\Program Files (x86)\Common Files\Oracle\Java\javapath;C:\windows\system32;C:\windows;C:\windows\System32\Wbem;C:\windows\System32\WindowsPowerShell\v1.0\;C:\windows\System32\OpenSSH\;C:\Program Files (x86)\NVIDIA Corporation\PhysX\Common;C:\Program Files\NVIDIA Corporation\NVIDIA NvDLISR;C:\WINDOWS\system32;C:\WINDOWS;C:\WINDOWS\System32\Wbem;C:\WINDOWS\System32\WindowsPowerShell\v1.0\;C:\WINDOWS\System32\OpenSSH\;C:\Program Files\MySQL\MySQL Shell 8.0\bin\;C:\Users\Kairav\AppData\Local\Microsoft\WindowsApps;C:\Users\Kairav\AppData\Local\GitHubDesktop\bin;C:\Program Files\Java\jre-1.8\bin
JRE paths:	;C:\Program Files\Common Files\Oracle\Java\javapath;C:\Program Files (x86)\Common Files\Oracle\Java\javapath;C:\windows\system32;C:\windows;C:\windows\System32\Wbem;C:\windows\System32\WindowsPowerShell\v1.0\;C:\windows\System32\OpenSSH\;C:\Program Files (x86)\NVIDIA Corporation\PhysX\Common;C:\Program Files\NVIDIA Corporation\NVIDIA NvDLISR;C:\WINDOWS\system32;C:\WINDOWS;C:\WINDOWS\System32\Wbem;C:\WINDOWS\System32\WindowsPowerShell\v1.0\;C:\WINDOWS\System32\OpenSSH\;C:\Program Files\MySQL\MySQL Shell 8.0\bin\;C:\Users\Kairav\AppData\Local\Microsoft\WindowsApps;C:\Users\Kairav\AppData\Local\GitHubDesktop\bin;C:\Program Files\Java\jre-1.8\bin
Check launcher:	C:\Program Files\Common Files\Oracle\Java\javapath\bin\javaw.exe (not found)
Check launcher:	C:\Program Files (x86)\Common Files\Oracle\Java\javapath\bin\javaw.exe (not found)
Check launcher:	C:\windows\system32\bin\javaw.exe (not found)
Check launcher:	C:\windows\bin\javaw.exe (not found)
Check launcher:	C:\windows\System32\Wbem\bin\javaw.exe (not found)
Check launcher:	C:\windows\System32\WindowsPowerShell\v1.0\bin\javaw.exe (not found)
Check launcher:	C:\windows\System32\OpenSSH\bin\javaw.exe (not found)
Check launcher:	C:\Program Files (x86)\NVIDIA Corporation\PhysX\Common\bin\javaw.exe (not found)
Check launcher:	C:\Program Files\NVIDIA Corporation\NVIDIA NvDLISR\bin\javaw.exe (not found)
Check launcher:	C:\WINDOWS\system32\bin\javaw.exe (not found)
Check launcher:	C:\WINDOWS\bin\javaw.exe (not found)
Check launcher:	C:\WINDOWS\System32\Wbem\bin\javaw.exe (not found)
Check launcher:	C:\WINDOWS\System32\WindowsPowerShell\v1.0\bin\javaw.exe (not found)
Check launcher:	C:\WINDOWS\System32\OpenSSH\bin\javaw.exe (not found)
Check launcher:	C:\Program Files\MySQL\MySQL Shell 8.0\bin\bin\javaw.exe (not found)
Check launcher:	C:\Users\Kairav\AppData\Local\Microsoft\WindowsApps\bin\javaw.exe (not found)
Check launcher:	C:\Users\Kairav\AppData\Local\GitHubDesktop\bin\javaw.exe (not found)
Check launcher:	C:\Program Files\Java\jre-1.8\bin\javaw.exe (OK)
Version string: 1.008.000_381 / 64-Bit (Ignore)
64-bit search:	SOFTWARE\JavaSoft\Java Runtime Environment...
Check:		SOFTWARE\JavaSoft\Java Runtime Environment\1.8
Version string: 1.008.000 / 64-Bit (Ignore)
Ignore:		1.008.000
Check:		SOFTWARE\JavaSoft\Java Runtime Environment\1.8.0_381
Version string: 1.008.000_381 / 64-Bit (Ignore)
Ignore:		1.008.000_381
32-bit search:	SOFTWARE\JavaSoft\Java Runtime Environment...
64-bit search:	SOFTWARE\JavaSoft\Java Development Kit...
32-bit search:	SOFTWARE\JavaSoft\Java Development Kit...
64-bit search:	SOFTWARE\JavaSoft\JRE...
32-bit search:	SOFTWARE\JavaSoft\JRE...
64-bit search:	SOFTWARE\JavaSoft\JDK...
Check:		SOFTWARE\JavaSoft\JDK\17.0.7
Version string: 1.017.000_007 / 64-Bit (OK)
Check launcher:	C:\Program Files\Java\jdk-17\bin\javaw.exe (OK)
Match:		1.017.000_007
Runtime used:	1.017.000_007 (64-bit)
Launcher:	C:\Program Files\Java\jdk-17\bin\javaw.exe
Launcher args:	-jar "C:\Users\Kairav\OneDrive\Documents\NetBeansProjects\PAT\Pat.exe"
Args length:	70/32768 chars
Exit code:	0


Version:	3.50
CmdLine:	C:\Users\Kairav\OneDrive\Documents\NetBeansProjects\PAT\Pat.exe --l4j-debug
JNI:		No
WOW64:		Yes
Working dir:	C:\Users\Kairav\OneDrive\Documents\NetBeansProjects\PAT\.
Requires JDK:	No
Requires 64-Bit: No
Java min ver:	1.015.000
Java max ver:	1.018.000
Substitute:	JAVA_HOME = 
Substitute:	PATH = C:\Program Files\Common Files\Oracle\Java\javapath;C:\Program Files (x86)\Common Files\Oracle\Java\javapath;C:\windows\system32;C:\windows;C:\windows\System32\Wbem;C:\windows\System32\WindowsPowerShell\v1.0\;C:\windows\System32\OpenSSH\;C:\Program Files (x86)\NVIDIA Corporation\PhysX\Common;C:\Program Files\NVIDIA Corporation\NVIDIA NvDLISR;C:\WINDOWS\system32;C:\WINDOWS;C:\WINDOWS\System32\Wbem;C:\WINDOWS\System32\WindowsPowerShell\v1.0\;C:\WINDOWS\System32\OpenSSH\;C:\Program Files\MySQL\MySQL Shell 8.0\bin\;C:\Users\Kairav\AppData\Local\Microsoft\WindowsApps;C:\Users\Kairav\AppData\Local\GitHubDesktop\bin;C:\Program Files\Java\jre-1.8\bin
JRE paths:	;C:\Program Files\Common Files\Oracle\Java\javapath;C:\Program Files (x86)\Common Files\Oracle\Java\javapath;C:\windows\system32;C:\windows;C:\windows\System32\Wbem;C:\windows\System32\WindowsPowerShell\v1.0\;C:\windows\System32\OpenSSH\;C:\Program Files (x86)\NVIDIA Corporation\PhysX\Common;C:\Program Files\NVIDIA Corporation\NVIDIA NvDLISR;C:\WINDOWS\system32;C:\WINDOWS;C:\WINDOWS\System32\Wbem;C:\WINDOWS\System32\WindowsPowerShell\v1.0\;C:\WINDOWS\System32\OpenSSH\;C:\Program Files\MySQL\MySQL Shell 8.0\bin\;C:\Users\Kairav\AppData\Local\Microsoft\WindowsApps;C:\Users\Kairav\AppData\Local\GitHubDesktop\bin;C:\Program Files\Java\jre-1.8\bin
Check launcher:	C:\Program Files\Common Files\Oracle\Java\javapath\bin\javaw.exe (not found)
Check launcher:	C:\Program Files (x86)\Common Files\Oracle\Java\javapath\bin\javaw.exe (not found)
Check launcher:	C:\windows\system32\bin\javaw.exe (not found)
Check launcher:	C:\windows\bin\javaw.exe (not found)
Check launcher:	C:\windows\System32\Wbem\bin\javaw.exe (not found)
Check launcher:	C:\windows\System32\WindowsPowerShell\v1.0\bin\javaw.exe (not found)
Check launcher:	C:\windows\System32\OpenSSH\bin\javaw.exe (not found)
Check launcher:	C:\Program Files (x86)\NVIDIA Corporation\PhysX\Common\bin\javaw.exe (not found)
Check launcher:	C:\Program Files\NVIDIA Corporation\NVIDIA NvDLISR\bin\javaw.exe (not found)
Check launcher:	C:\WINDOWS\system32\bin\javaw.exe (not found)
Check launcher:	C:\WINDOWS\bin\javaw.exe (not found)
Check launcher:	C:\WINDOWS\System32\Wbem\bin\javaw.exe (not found)
Check launcher:	C:\WINDOWS\System32\WindowsPowerShell\v1.0\bin\javaw.exe (not found)
Check launcher:	C:\WINDOWS\System32\OpenSSH\bin\javaw.exe (not found)
Check launcher:	C:\Program Files\MySQL\MySQL Shell 8.0\bin\bin\javaw.exe (not found)
Check launcher:	C:\Users\Kairav\AppData\Local\Microsoft\WindowsApps\bin\javaw.exe (not found)
Check launcher:	C:\Users\Kairav\AppData\Local\GitHubDesktop\bin\javaw.exe (not found)
Check launcher:	C:\Program Files\Java\jre-1.8\bin\javaw.exe (OK)
Version string: 1.008.000_381 / 64-Bit (Ignore)
64-bit search:	SOFTWARE\JavaSoft\Java Runtime Environment...
Check:		SOFTWARE\JavaSoft\Java Runtime Environment\1.8
Version string: 1.008.000 / 64-Bit (Ignore)
Ignore:		1.008.000
Check:		SOFTWARE\JavaSoft\Java Runtime Environment\1.8.0_381
Version string: 1.008.000_381 / 64-Bit (Ignore)
Ignore:		1.008.000_381
32-bit search:	SOFTWARE\JavaSoft\Java Runtime Environment...
64-bit search:	SOFTWARE\JavaSoft\Java Development Kit...
32-bit search:	SOFTWARE\JavaSoft\Java Development Kit...
64-bit search:	SOFTWARE\JavaSoft\JRE...
32-bit search:	SOFTWARE\JavaSoft\JRE...
64-bit search:	SOFTWARE\JavaSoft\JDK...
Check:		SOFTWARE\JavaSoft\JDK\17.0.7
Version string: 1.017.000_007 / 64-Bit (OK)
Check launcher:	C:\Program Files\Java\jdk-17\bin\javaw.exe (OK)
Match:		1.017.000_007
Runtime used:	1.017.000_007 (64-bit)
Launcher:	C:\Program Files\Java\jdk-17\bin\javaw.exe
Launcher args:	-jar "C:\Users\Kairav\OneDrive\Documents\NetBeansProjects\PAT\Pat.exe"
Args length:	70/32768 chars
Exit code:	0


Version:	3.50
CmdLine:	C:\Users\Kairav\OneDrive\Documents\NetBeansProjects\PAT\Pat.exe --l4j-debug
JNI:		No
WOW64:		Yes
Working dir:	C:\Users\Kairav\OneDrive\Documents\NetBeansProjects\PAT\.
Requires JDK:	No
Requires 64-Bit: No
Java min ver:	1.015.000
Java max ver:	1.018.000
Substitute:	JAVA_HOME = 
Substitute:	PATH = C:\Program Files\Common Files\Oracle\Java\javapath;C:\Program Files (x86)\Common Files\Oracle\Java\javapath;C:\windows\system32;C:\windows;C:\windows\System32\Wbem;C:\windows\System32\WindowsPowerShell\v1.0\;C:\windows\System32\OpenSSH\;C:\Program Files (x86)\NVIDIA Corporation\PhysX\Common;C:\Program Files\NVIDIA Corporation\NVIDIA NvDLISR;C:\WINDOWS\system32;C:\WINDOWS;C:\WINDOWS\System32\Wbem;C:\WINDOWS\System32\WindowsPowerShell\v1.0\;C:\WINDOWS\System32\OpenSSH\;C:\Program Files\MySQL\MySQL Shell 8.0\bin\;C:\Users\Kairav\AppData\Local\Microsoft\WindowsApps;C:\Users\Kairav\AppData\Local\GitHubDesktop\bin;C:\Program Files\Java\jre-1.8\bin
JRE paths:	;C:\Program Files\Common Files\Oracle\Java\javapath;C:\Program Files (x86)\Common Files\Oracle\Java\javapath;C:\windows\system32;C:\windows;C:\windows\System32\Wbem;C:\windows\System32\WindowsPowerShell\v1.0\;C:\windows\System32\OpenSSH\;C:\Program Files (x86)\NVIDIA Corporation\PhysX\Common;C:\Program Files\NVIDIA Corporation\NVIDIA NvDLISR;C:\WINDOWS\system32;C:\WINDOWS;C:\WINDOWS\System32\Wbem;C:\WINDOWS\System32\WindowsPowerShell\v1.0\;C:\WINDOWS\System32\OpenSSH\;C:\Program Files\MySQL\MySQL Shell 8.0\bin\;C:\Users\Kairav\AppData\Local\Microsoft\WindowsApps;C:\Users\Kairav\AppData\Local\GitHubDesktop\bin;C:\Program Files\Java\jre-1.8\bin
Check launcher:	C:\Program Files\Common Files\Oracle\Java\javapath\bin\javaw.exe (not found)
Check launcher:	C:\Program Files (x86)\Common Files\Oracle\Java\javapath\bin\javaw.exe (not found)
Check launcher:	C:\windows\system32\bin\javaw.exe (not found)
Check launcher:	C:\windows\bin\javaw.exe (not found)
Check launcher:	C:\windows\System32\Wbem\bin\javaw.exe (not found)
Check launcher:	C:\windows\System32\WindowsPowerShell\v1.0\bin\javaw.exe (not found)
Check launcher:	C:\windows\System32\OpenSSH\bin\javaw.exe (not found)
Check launcher:	C:\Program Files (x86)\NVIDIA Corporation\PhysX\Common\bin\javaw.exe (not found)
Check launcher:	C:\Program Files\NVIDIA Corporation\NVIDIA NvDLISR\bin\javaw.exe (not found)
Check launcher:	C:\WINDOWS\system32\bin\javaw.exe (not found)
Check launcher:	C:\WINDOWS\bin\javaw.exe (not found)
Check launcher:	C:\WINDOWS\System32\Wbem\bin\javaw.exe (not found)
Check launcher:	C:\WINDOWS\System32\WindowsPowerShell\v1.0\bin\javaw.exe (not found)
Check launcher:	C:\WINDOWS\System32\OpenSSH\bin\javaw.exe (not found)
Check launcher:	C:\Program Files\MySQL\MySQL Shell 8.0\bin\bin\javaw.exe (not found)
Check launcher:	C:\Users\Kairav\AppData\Local\Microsoft\WindowsApps\bin\javaw.exe (not found)
Check launcher:	C:\Users\Kairav\AppData\Local\GitHubDesktop\bin\javaw.exe (not found)
Check launcher:	C:\Program Files\Java\jre-1.8\bin\javaw.exe (OK)
Version string: 1.008.000_381 / 64-Bit (Ignore)
64-bit search:	SOFTWARE\JavaSoft\Java Runtime Environment...
Check:		SOFTWARE\JavaSoft\Java Runtime Environment\1.8
Version string: 1.008.000 / 64-Bit (Ignore)
Ignore:		1.008.000
Check:		SOFTWARE\JavaSoft\Java Runtime Environment\1.8.0_381
Version string: 1.008.000_381 / 64-Bit (Ignore)
Ignore:		1.008.000_381
32-bit search:	SOFTWARE\JavaSoft\Java Runtime Environment...
64-bit search:	SOFTWARE\JavaSoft\Java Development Kit...
32-bit search:	SOFTWARE\JavaSoft\Java Development Kit...
64-bit search:	SOFTWARE\JavaSoft\JRE...
32-bit search:	SOFTWARE\JavaSoft\JRE...
64-bit search:	SOFTWARE\JavaSoft\JDK...
Check:		SOFTWARE\JavaSoft\JDK\17.0.7
Version string: 1.017.000_007 / 64-Bit (OK)
Check launcher:	C:\Program Files\Java\jdk-17\bin\javaw.exe (OK)
Match:		1.017.000_007
Runtime used:	1.017.000_007 (64-bit)
Launcher:	C:\Program Files\Java\jdk-17\bin\javaw.exe
Launcher args:	-jar "C:\Users\Kairav\OneDrive\Documents\NetBeansProjects\PAT\Pat.exe"
Args length:	70/32768 chars
Exit code:	0
